2012-02-06 13:37:57,994 ERROR [geoserver.global] - 
----------------------------------
- GEOSERVER_DATA_DIR: /Users/jeichar/Downloads/geoserver-2.1.3/bin/../data_dir
----------------------------------
2012-02-06 13:37:58,334 INFO [org.geoserver] - Loaded style 'line'
2012-02-06 13:37:58,336 INFO [org.geoserver] - Loaded style 'point'
2012-02-06 13:37:58,337 INFO [org.geoserver] - Loaded style 'polygon'
2012-02-06 13:37:58,338 INFO [org.geoserver] - Loaded style 'raster'
2012-02-06 13:37:58,339 INFO [org.geoserver] - Loaded default workspace georchestra
2012-02-06 13:37:58,359 INFO [org.geoserver] - Loaded workspace 'georchestra'
2012-02-06 13:37:58,912 INFO [org.geoserver] - Loaded service 'wcs', enabled
2012-02-06 13:37:58,986 INFO [org.geoserver] - Loaded service 'wfs', enabled
2012-02-06 13:37:59,090 INFO [org.geoserver] - Loaded service 'wms', enabled
2012-02-06 13:37:59,299 INFO [gwc.config] - Initializing GeoServer specific GWC configuration from gwc-gs.xml
2012-02-06 13:38:00,025 INFO [storage.DefaultStorageFinder] - ***********************************************************************************************************************************************************
2012-02-06 13:38:00,026 INFO [storage.DefaultStorageFinder] - *** Found Java environment variable GEOSERVER_DATA_DIR set to /Users/jeichar/Downloads/geoserver-2.1.3/bin/../data_dir, using it as the default prefix. ***
2012-02-06 13:38:00,026 INFO [storage.DefaultStorageFinder] - ***********************************************************************************************************************************************************
2012-02-06 13:38:00,496 INFO [jdbc.JDBCMBWrapper] - MetaStore database is version 120
2012-02-06 13:38:00,533 INFO [config.XMLConfiguration] - Will look for geowebcache.xml in '/Users/jeichar/Downloads/geoserver-2.1.3/bin/../data_dir/gwc'
2012-02-06 13:38:00,553 INFO [layer.TileLayerDispatcher] - Configuration GeoServer Catalog Configuration contained no layers.
2012-02-06 13:38:00,554 INFO [config.XMLConfiguration] - Found configuration file in /Users/jeichar/Downloads/geoserver-2.1.3/bin/../data_dir/gwc
2012-02-06 13:38:00,763 INFO [config.XMLConfiguration] - Configuration file validated fine.
2012-02-06 13:38:00,790 INFO [config.XMLConfiguration] - Initializing GridSets from /Users/jeichar/Downloads/geoserver-2.1.3/bin/../data_dir/gwc
2012-02-06 13:38:00,790 INFO [config.XMLConfiguration] - Initializing layers from /Users/jeichar/Downloads/geoserver-2.1.3/bin/../data_dir/gwc
2012-02-06 13:38:00,791 INFO [layer.TileLayerDispatcher] - Configuration /Users/jeichar/Downloads/geoserver-2.1.3/bin/../data_dir/gwc contained no layers.
2012-02-06 13:38:00,880 INFO [storage.EntityStoreBuilder] - Neither disk quota page store' cache memory percent nor cache size was provided. Defaulting to 25% Heap Size
2012-02-06 13:38:01,541 INFO [storage.BDBQuotaStore] - Berkeley DB JE Disk Quota page store configured at /Users/jeichar/Downloads/geoserver-2.1.3/bin/../data_dir/gwc/diskquota_page_store
2012-02-06 13:38:01,543 INFO [storage.BDBQuotaStore] - Quota Store initialized. Global quota: 0.0 B
2012-02-06 13:38:01,548 INFO [diskquota.ConfigLoader] - DiskQuota configuration not found: /Users/jeichar/Downloads/geoserver-2.1.3/bin/../data_dir/gwc/geowebcache-diskquota.xml
2012-02-06 13:38:01,557 INFO [diskquota.DiskQuotaMonitor] - Setting up disk quota periodic enforcement task
2012-02-06 13:38:01,559 INFO [diskquota.DiskQuotaMonitor] - 0 layers configured with their own quotas. 
2012-02-06 13:38:01,560 INFO [diskquota.DiskQuotaMonitor] - 0 layers attached to global quota 500.0 MB
2012-02-06 13:38:01,576 INFO [diskquota.DiskQuotaMonitor] - Disk quota periodic enforcement task set up every 10 SECONDS
2012-02-06 13:38:01,697 INFO [geowebcache.GeoWebCacheDispatcher] - Invoked setServletPrefix(gwc)
2012-02-06 13:38:01,702 INFO [georss.GeoRSSPoller] - Initializing GeoRSS poller in a background job...
2012-02-06 13:38:01,703 INFO [georss.GeoRSSPoller] - No enabled GeoRSS feeds found, poller will not run.
2012-02-06 13:38:01,784 INFO [rest.RESTDispatcher] - Created RESTDispatcher with 9 paths
2012-02-06 13:38:01,813 INFO [wms.WMSService] - Will NOT recombine tiles for non-tiling clients.
2012-02-06 13:38:01,813 INFO [wms.WMSService] - Will proxy requests to backend that are not getmap or getcapabilities.
2012-02-06 13:38:01,851 INFO [org.geoserver] - GeoServer configuration lock is enabled
2012-02-06 13:39:59,897 INFO [org.geoserver] - Loaded style 'raster'
2012-02-06 13:39:59,898 INFO [org.geoserver] - Loaded default workspace georchestra
2012-02-06 13:39:59,899 INFO [org.geoserver] - Loaded workspace 'georchestra'
2012-02-06 13:39:59,937 INFO [org.geoserver] - Loaded service 'wcs', enabled
2012-02-06 13:39:59,953 INFO [org.geoserver] - Loaded service 'wfs', enabled
2012-02-06 13:39:59,972 INFO [org.geoserver] - Loaded service 'wms', enabled
2012-02-06 13:40:10,924 INFO [org.geoserver] - Loaded style 'line'
2012-02-06 13:40:10,926 INFO [org.geoserver] - Loaded style 'point'
2012-02-06 13:40:10,927 INFO [org.geoserver] - Loaded style 'polygon'
2012-02-06 13:40:10,928 INFO [org.geoserver] - Loaded style 'raster'
2012-02-06 13:40:10,930 INFO [org.geoserver] - Loaded default workspace georchestra
2012-02-06 13:40:10,932 INFO [org.geoserver] - Loaded workspace 'georchestra'
2012-02-06 13:40:10,976 INFO [org.geoserver] - Loaded service 'wcs', enabled
2012-02-06 13:40:11,004 INFO [org.geoserver] - Loaded service 'wfs', enabled
2012-02-06 13:40:11,021 INFO [org.geoserver] - Loaded service 'wms', enabled
2012-02-06 13:40:29,674 INFO [org.geoserver] - Loaded style 'line'
2012-02-06 13:40:29,676 INFO [org.geoserver] - Loaded style 'point'
2012-02-06 13:40:29,677 INFO [org.geoserver] - Loaded style 'polygon'
2012-02-06 13:40:29,678 INFO [org.geoserver] - Loaded style 'raster'
2012-02-06 13:40:29,682 INFO [org.geoserver] - Loaded default workspace georchestra
2012-02-06 13:40:29,686 INFO [org.geoserver] - Loaded workspace 'georchestra'
2012-02-06 13:40:29,763 INFO [org.geoserver] - Loaded service 'wcs', enabled
2012-02-06 13:40:29,787 INFO [org.geoserver] - Loaded service 'wfs', enabled
2012-02-06 13:40:29,813 INFO [org.geoserver] - Loaded service 'wms', enabled
2012-02-06 13:41:08,097 INFO [georss.GeoRSSPoller] - destroy() invoked
2012-02-06 13:41:08,099 INFO [geowebcache.GeoWebCacheDispatcher] - GeoWebCacheDispatcher.destroy() was invoked, shutting down.
2012-02-06 13:41:08,100 INFO [diskquota.DiskQuotaMonitor] - Disk quota monitor shutting down...
2012-02-06 13:41:08,100 INFO [diskquota.DiskQuotaMonitor] - Shutting down quota usage monitor...
2012-02-06 13:41:08,100 INFO [diskquota.QuotaUpdatesMonitor] - Shutting down quota usage monitor...
2012-02-06 13:41:08,101 INFO [diskquota.DiskQuotaMonitor] - Shutting down quota statistics gathering monitor...
2012-02-06 13:41:08,101 INFO [diskquota.QueuedUsageStatsConsumer] - Shutting down quota update background task due to interrupted exception
2012-02-06 13:41:08,101 INFO [diskquota.QueuedQuotaUpdatesConsumer] - Shutting down quota update background task due to InterruptedException
2012-02-06 13:41:08,103 INFO [storage.BDBQuotaStore] - Requesting to close quota store...
2012-02-06 13:41:08,115 INFO [storage.BDBQuotaStore] - Quota store closed.
2012-02-06 13:41:08,116 INFO [seed.SeederThreadPoolExecutor] - Initiating shut down for running and pending seed tasks...
2012-02-06 13:41:08,116 INFO [seed.SeederThreadPoolExecutor] - Seeder thread pool executor shut down complete.
2012-02-06 13:41:08,116 INFO [storage.StorageBroker] - Destroying StorageBroker
2012-02-06 13:41:08,118 ERROR [jdbc.JDBCMBWrapper] - Couldn't obtain JDBC Connection to perform database shut down
org.h2.jdbc.JdbcSQLException: Database is already closed (to disable automatic closing at VM shutdown, add ";DB_CLOSE_ON_EXIT=FALSE" to the db URL) [90121-119]
	at org.h2.message.Message.getSQLException(Message.java:106)
	at org.h2.message.Message.getSQLException(Message.java:117)
	at org.h2.message.Message.getSQLException(Message.java:76)
	at org.h2.message.Message.getSQLException(Message.java:152)
	at org.h2.jdbc.JdbcConnection.checkClosed(JdbcConnection.java:1328)
	at org.h2.jdbcx.JdbcXAConnection$PooledJdbcConnection.checkClosed(JdbcXAConnection.java:505)
	at org.h2.jdbc.JdbcConnection.checkClosed(JdbcConnection.java:1303)
	at org.h2.jdbc.JdbcConnection.setAutoCommit(JdbcConnection.java:354)
	at org.geowebcache.storage.metastore.jdbc.JDBCMBWrapper.getConnection(JDBCMBWrapper.java:185)
	at org.geowebcache.storage.metastore.jdbc.JDBCMBWrapper.destroy(JDBCMBWrapper.java:620)
	at org.geowebcache.storage.metastore.jdbc.JDBCMetaBackend.destroy(JDBCMetaBackend.java:305)
	at sun.reflect.NativeMethodAccessorImpl.invoke0(Native Method)
	at sun.reflect.NativeMethodAccessorImpl.invoke(NativeMethodAccessorImpl.java:39)
	at sun.reflect.DelegatingMethodAccessorImpl.invoke(DelegatingMethodAccessorImpl.java:25)
	at java.lang.reflect.Method.invoke(Method.java:597)
	at org.springframework.beans.factory.support.DisposableBeanAdapter.invokeCustomDestroyMethod(DisposableBeanAdapter.java:208)
	at org.springframework.beans.factory.support.DisposableBeanAdapter.destroy(DisposableBeanAdapter.java:165)
	at org.springframework.beans.factory.support.DefaultSingletonBeanRegistry.destroyBean(DefaultSingletonBeanRegistry.java:456)
	at org.springframework.beans.factory.support.DefaultSingletonBeanRegistry.destroySingleton(DefaultSingletonBeanRegistry.java:434)
	at org.springframework.beans.factory.support.DefaultSingletonBeanRegistry.destroySingletons(DefaultSingletonBeanRegistry.java:407)
	at org.springframework.context.support.AbstractApplicationContext.destroyBeans(AbstractApplicationContext.java:854)
	at org.springframework.context.support.AbstractApplicationContext.doClose(AbstractApplicationContext.java:832)
	at org.springframework.context.support.AbstractApplicationContext.close(AbstractApplicationContext.java:795)
	at org.springframework.web.context.ContextLoader.closeWebApplicationContext(ContextLoader.java:361)
	at org.springframework.web.context.ContextLoaderListener.contextDestroyed(ContextLoaderListener.java:70)
	at org.mortbay.jetty.handler.ContextHandler.doStop(ContextHandler.java:574)
	at org.mortbay.jetty.webapp.WebAppContext.doStop(WebAppContext.java:485)
	at org.mortbay.component.AbstractLifeCycle.stop(AbstractLifeCycle.java:64)
	at org.mortbay.jetty.handler.HandlerCollection.doStop(HandlerCollection.java:169)
	at org.mortbay.component.AbstractLifeCycle.stop(AbstractLifeCycle.java:64)
	at org.mortbay.jetty.handler.HandlerCollection.doStop(HandlerCollection.java:169)
	at org.mortbay.component.AbstractLifeCycle.stop(AbstractLifeCycle.java:64)
	at org.mortbay.jetty.handler.HandlerWrapper.doStop(HandlerWrapper.java:142)
	at org.mortbay.jetty.Server.doStop(Server.java:281)
	at org.mortbay.component.AbstractLifeCycle.stop(AbstractLifeCycle.java:64)
	at org.mortbay.jetty.Server$ShutdownHookThread.run(Server.java:559)
2012-02-06 13:41:10,565 WARN [referencing.factory] - Axis elements found in a wkt definition, the force longitude first axis order hint might not be respected:
PROJCS["WGS84 / Simple Mercator", GEOGCS["WGS 84", DATUM["WGS_1984", SPHEROID["WGS_1984", 6378137.0, 298.257223563]], PRIMEM["Greenwich", 0.0], UNIT["degree", 0.017453292519943295]], PROJECTION["Mercator_1SP_Google"], PARAMETER["latitude_of_origin", 0.0], PARAMETER["central_meridian", 0.0], PARAMETER["scale_factor", 1.0], PARAMETER["false_easting", 0.0], PARAMETER["false_northing", 0.0], UNIT["m", 1.0], AXIS["x", EAST], AXIS["y", NORTH], AUTHORITY["EPSG","54004"]]
